2025-06-13 12:48:21 URL:http://archive.ubuntu.com/ubuntu/dists/focal/InRelease [264892/264892] -> "/workspaces/d2i_linux_build/chroot/var/lib/apt/lists/partial/archive.ubuntu.com_ubuntu_dists_focal_InRelease" [1]
gpgv: Signature made Thu Apr 23 17:34:17 2020 UTC
gpgv:                using RSA key 3B4FE6ACC0B21F32
gpgv: Good signature from "Ubuntu Archive Automatic Signing Key (2012) <ftpmaster@ubuntu.com>"
gpgv: Signature made Thu Apr 23 17:34:17 2020 UTC
gpgv:                using RSA key 871920D1991BC93C
gpgv: Good signature from "Ubuntu Archive Automatic Signing Key (2018) <ftpmaster@ubuntu.com>"
2025-06-13 12:48:38 URL:http://archive.ubuntu.com/ubuntu/dists/focal/main/binary-amd64/by-hash/SHA256/7757921ff8feed9c3934a0c9936d441ba4a238bee3ea6c8c1df5cbcd43fc9861 [970408/970408] -> "/workspaces/d2i_linux_build/chroot/var/lib/apt/lists/partial/archive.ubuntu.com_ubuntu_dists_focal_main_binary-amd64_Packages.xz" [1]
2025-06-13 12:48:38 URL:http://archive.ubuntu.com/ubuntu/dists/focal/restricted/binary-amd64/by-hash/SHA256/b0a82fdbd27a4ea03ddb0fc18349ba31e189949c383cf5c1716bf58809ef9c8b [22004/22004] -> "/workspaces/d2i_linux_build/chroot/var/lib/apt/lists/partial/archive.ubuntu.com_ubuntu_dists_focal_restricted_binary-amd64_Packages.xz" [1]
2025-06-13 12:48:39 URL:http://archive.ubuntu.com/ubuntu/dists/focal/universe/binary-amd64/by-hash/SHA256/46a746dac789bd9537aca54db1680b9dff51c248153111350382199d7d96b9d1 [8627544/8627544] -> "/workspaces/d2i_linux_build/chroot/var/lib/apt/lists/partial/archive.ubuntu.com_ubuntu_dists_focal_universe_binary-amd64_Packages.xz" [1]
2025-06-13 12:48:59 URL:http://archive.ubuntu.com/ubuntu/dists/focal/multiverse/binary-amd64/by-hash/SHA256/233757b7df68e16c18ccad612ff13a8bb68fc36ac6d35f13427cafd70d8b5d42 [144064/144064] -> "/workspaces/d2i_linux_build/chroot/var/lib/apt/lists/partial/archive.ubuntu.com_ubuntu_dists_focal_multiverse_binary-amd64_Packages.xz" [1]
2025-06-13 12:49:05 URL:http://archive.ubuntu.com/ubuntu/pool/main/a/adduser/adduser_3.118ubuntu2_all.deb [162792/162792] -> "/workspaces/d2i_linux_build/chroot//var/cache/apt/archives/partial/adduser_3.118ubuntu2_all.deb" [1]
2025-06-13 12:49:05 URL:http://archive.ubuntu.com/ubuntu/pool/main/a/apt/apt_2.0.2_amd64.deb [1288960/1288960] -> "/workspaces/d2i_linux_build/chroot//var/cache/apt/archives/partial/apt_2.0.2_amd64.deb" [1]
2025-06-13 12:49:05 URL:http://archive.ubuntu.com/ubuntu/pool/main/a/apt/apt-utils_2.0.2_amd64.deb [213336/213336] -> "/workspaces/d2i_linux_build/chroot//var/cache/apt/archives/partial/apt-utils_2.0.2_amd64.deb" [1]
2025-06-13 12:49:05 URL:http://archive.ubuntu.com/ubuntu/pool/main/b/base-files/base-files_11ubuntu5_amd64.deb [60132/60132] -> "/workspaces/d2i_linux_build/chroot//var/cache/apt/archives/partial/base-files_11ubuntu5_amd64.deb" [1]
2025-06-13 12:49:05 URL:http://archive.ubuntu.com/ubuntu/pool/main/b/base-passwd/base-passwd_3.5.47_amd64.deb [47736/47736] -> "/workspaces/d2i_linux_build/chroot//var/cache/apt/archives/partial/base-passwd_3.5.47_amd64.deb" [1]
2025-06-13 12:49:06 URL:http://archive.ubuntu.com/ubuntu/pool/main/b/bash/bash_5.0-6ubuntu1_amd64.deb [638400/638400] -> "/workspaces/d2i_linux_build/chroot//var/cache/apt/archives/partial/bash_5.0-6ubuntu1_amd64.deb" [1]
2025-06-13 12:49:06 URL:http://archive.ubuntu.com/ubuntu/pool/main/u/util-linux/bsdutils_2.34-0.1ubuntu9_amd64.deb [63172/63172] -> "/workspaces/d2i_linux_build/chroot//var/cache/apt/archives/partial/bsdutils_1%3a2.34-0.1ubuntu9_amd64.deb" [1]
2025-06-13 12:49:06 URL:http://archive.ubuntu.com/ubuntu/pool/main/b/bzip2/bzip2_1.0.8-2_amd64.deb [34064/34064] -> "/workspaces/d2i_linux_build/chroot//var/cache/apt/archives/partial/bzip2_1.0.8-2_amd64.deb" [1]
2025-06-13 12:49:06 URL:http://archive.ubuntu.com/ubuntu/pool/main/c/ca-certificates/ca-certificates_20190110ubuntu1_all.deb [146336/146336] -> "/workspaces/d2i_linux_build/chroot//var/cache/apt/archives/partial/ca-certificates_20190110ubuntu1_all.deb" [1]
2025-06-13 12:49:06 URL:http://archive.ubuntu.com/ubuntu/pool/main/c/console-setup/console-setup_1.194ubuntu3_all.deb [99984/99984] -> "/workspaces/d2i_linux_build/chroot//var/cache/apt/archives/partial/console-setup_1.194ubuntu3_all.deb" [1]
2025-06-13 12:49:06 URL:http://archive.ubuntu.com/ubuntu/pool/main/c/console-setup/console-setup-linux_1.194ubuntu3_all.deb [1494020/1494020] -> "/workspaces/d2i_linux_build/chroot//var/cache/apt/archives/partial/console-setup-linux_1.194ubuntu3_all.deb" [1]
2025-06-13 12:49:06 URL:http://archive.ubuntu.com/ubuntu/pool/main/c/coreutils/coreutils_8.30-3ubuntu2_amd64.deb [1249368/1249368] -> "/workspaces/d2i_linux_build/chroot//var/cache/apt/archives/partial/coreutils_8.30-3ubuntu2_amd64.deb" [1]
2025-06-13 12:49:06 URL:http://archive.ubuntu.com/ubuntu/pool/main/c/cron/cron_3.0pl1-136ubuntu1_amd64.deb [71472/71472] -> "/workspaces/d2i_linux_build/chroot//var/cache/apt/archives/partial/cron_3.0pl1-136ubuntu1_amd64.deb" [1]
2025-06-13 12:49:07 URL:http://archive.ubuntu.com/ubuntu/pool/main/d/dash/dash_0.5.10.2-6_amd64.deb [86336/86336] -> "/workspaces/d2i_linux_build/chroot//var/cache/apt/archives/partial/dash_0.5.10.2-6_amd64.deb" [1]
2025-06-13 12:49:08 URL:http://archive.ubuntu.com/ubuntu/pool/main/d/dbus/dbus_1.12.16-2ubuntu2_amd64.deb [151088/151088] -> "/workspaces/d2i_linux_build/chroot//var/cache/apt/archives/partial/dbus_1.12.16-2ubuntu2_amd64.deb" [1]
2025-06-13 12:49:09 URL:http://archive.ubuntu.com/ubuntu/pool/main/d/debconf/debconf_1.5.73_all.deb [121524/121524] -> "/workspaces/d2i_linux_build/chroot//var/cache/apt/archives/partial/debconf_1.5.73_all.deb" [1]
2025-06-13 12:49:09 URL:http://archive.ubuntu.com/ubuntu/pool/main/d/debconf/debconf-i18n_1.5.73_all.deb [206284/206284] -> "/workspaces/d2i_linux_build/chroot//var/cache/apt/archives/partial/debconf-i18n_1.5.73_all.deb" [1]
2025-06-13 12:49:09 URL:http://archive.ubuntu.com/ubuntu/pool/main/d/debianutils/debianutils_4.9.1_amd64.deb [85776/85776] -> "/workspaces/d2i_linux_build/chroot//var/cache/apt/archives/partial/debianutils_4.9.1_amd64.deb" [1]
2025-06-13 12:49:09 URL:http://archive.ubuntu.com/ubuntu/pool/main/d/diffutils/diffutils_3.7-3_amd64.deb [199804/199804] -> "/workspaces/d2i_linux_build/chroot//var/cache/apt/archives/partial/diffutils_1%3a3.7-3_amd64.deb" [1]
2025-06-13 12:49:10 URL:http://archive.ubuntu.com/ubuntu/pool/main/d/distro-info-data/distro-info-data_0.43ubuntu1_all.deb [4504/4504] -> "/workspaces/d2i_linux_build/chroot//var/cache/apt/archives/partial/distro-info-data_0.43ubuntu1_all.deb" [1]
2025-06-13 12:49:10 URL:http://archive.ubuntu.com/ubuntu/pool/main/l/lvm2/dmsetup_1.02.167-1ubuntu1_amd64.deb [75576/75576] -> "/workspaces/d2i_linux_build/chroot//var/cache/apt/archives/partial/dmsetup_2%3a1.02.167-1ubuntu1_amd64.deb" [1]
2025-06-13 12:49:10 URL:http://archive.ubuntu.com/ubuntu/pool/main/d/dpkg/dpkg_1.19.7ubuntu3_amd64.deb [1127856/1127856] -> "/workspaces/d2i_linux_build/chroot//var/cache/apt/archives/partial/dpkg_1.19.7ubuntu3_amd64.deb" [1]
2025-06-13 12:49:11 URL:http://archive.ubuntu.com/ubuntu/pool/main/e/e2fsprogs/e2fsprogs_1.45.5-2ubuntu1_amd64.deb [527060/527060] -> "/workspaces/d2i_linux_build/chroot//var/cache/apt/archives/partial/e2fsprogs_1.45.5-2ubuntu1_amd64.deb" [1]
2025-06-13 12:49:11 URL:http://archive.ubuntu.com/ubuntu/pool/main/e/eject/eject_2.1.5+deb1+cvs20081104-14_amd64.deb [23760/23760] -> "/workspaces/d2i_linux_build/chroot//var/cache/apt/archives/partial/eject_2.1.5+deb1+cvs20081104-14_amd64.deb" [1]
2025-06-13 12:49:11 URL:http://archive.ubuntu.com/ubuntu/pool/main/u/util-linux/fdisk_2.34-0.1ubuntu9_amd64.deb [119712/119712] -> "/workspaces/d2i_linux_build/chroot//var/cache/apt/archives/partial/fdisk_2.34-0.1ubuntu9_amd64.deb" [1]
2025-06-13 12:49:11 URL:http://archive.ubuntu.com/ubuntu/pool/main/f/file/file_5.38-4_amd64.deb [23332/23332] -> "/workspaces/d2i_linux_build/chroot//var/cache/apt/archives/partial/file_1%3a5.38-4_amd64.deb" [1]
2025-06-13 12:49:11 URL:http://archive.ubuntu.com/ubuntu/pool/main/f/findutils/findutils_4.7.0-1ubuntu1_amd64.deb [329012/329012] -> "/workspaces/d2i_linux_build/chroot//var/cache/apt/archives/partial/findutils_4.7.0-1ubuntu1_amd64.deb" [1]
2025-06-13 12:49:11 URL:http://archive.ubuntu.com/ubuntu/pool/main/g/gcc-10/gcc-10-base_10-20200411-0ubuntu1_amd64.deb [19024/19024] -> "/workspaces/d2i_linux_build/chroot//var/cache/apt/archives/partial/gcc-10-base_10-20200411-0ubuntu1_amd64.deb" [1]
2025-06-13 12:49:12 URL:http://archive.ubuntu.com/ubuntu/pool/main/g/gobject-introspection/gir1.2-glib-2.0_1.64.0-2_amd64.deb [133944/133944] -> "/workspaces/d2i_linux_build/chroot//var/cache/apt/archives/partial/gir1.2-glib-2.0_1.64.0-2_amd64.deb" [1]
2025-06-13 12:49:13 URL:http://archive.ubuntu.com/ubuntu/pool/main/g/gnupg2/gpgv_2.2.19-3ubuntu2_amd64.deb [199804/199804] -> "/workspaces/d2i_linux_build/chroot//var/cache/apt/archives/partial/gpgv_2.2.19-3ubuntu2_amd64.deb" [1]
2025-06-13 12:49:13 URL:http://archive.ubuntu.com/ubuntu/pool/main/g/grep/grep_3.4-1_amd64.deb [150796/150796] -> "/workspaces/d2i_linux_build/chroot//var/cache/apt/archives/partial/grep_3.4-1_amd64.deb" [1]
2025-06-13 12:49:13 URL:http://archive.ubuntu.com/ubuntu/pool/main/g/gzip/gzip_1.10-0ubuntu4_amd64.deb [95332/95332] -> "/workspaces/d2i_linux_build/chroot//var/cache/apt/archives/partial/gzip_1.10-0ubuntu4_amd64.deb" [1]
2025-06-13 12:49:14 URL:http://archive.ubuntu.com/ubuntu/pool/main/h/hostname/hostname_3.23_amd64.deb [11372/11372] -> "/workspaces/d2i_linux_build/chroot//var/cache/apt/archives/partial/hostname_3.23_amd64.deb" [1]
2025-06-13 12:49:14 URL:http://archive.ubuntu.com/ubuntu/pool/main/i/init-system-helpers/init_1.57_amd64.deb [6088/6088] -> "/workspaces/d2i_linux_build/chroot//var/cache/apt/archives/partial/init_1.57_amd64.deb" [1]
2025-06-13 12:49:14 URL:http://archive.ubuntu.com/ubuntu/pool/main/i/init-system-helpers/init-system-helpers_1.57_all.deb [38260/38260] -> "/workspaces/d2i_linux_build/chroot//var/cache/apt/archives/partial/init-system-helpers_1.57_all.deb" [1]
2025-06-13 12:49:14 URL:http://archive.ubuntu.com/ubuntu/pool/main/i/iproute2/iproute2_5.5.0-1ubuntu1_amd64.deb [857960/857960] -> "/workspaces/d2i_linux_build/chroot//var/cache/apt/archives/partial/iproute2_5.5.0-1ubuntu1_amd64.deb" [1]
2025-06-13 12:49:15 URL:http://archive.ubuntu.com/ubuntu/pool/main/i/iputils/iputils-ping_20190709-3_amd64.deb [40120/40120] -> "/workspaces/d2i_linux_build/chroot//var/cache/apt/archives/partial/iputils-ping_3%3a20190709-3_amd64.deb" [1]
2025-06-13 12:49:16 URL:http://archive.ubuntu.com/ubuntu/pool/main/i/isc-dhcp/isc-dhcp-client_4.4.1-2.1ubuntu5_amd64.deb [246084/246084] -> "/workspaces/d2i_linux_build/chroot//var/cache/apt/archives/partial/isc-dhcp-client_4.4.1-2.1ubuntu5_amd64.deb" [1]
2025-06-13 12:49:17 URL:http://archive.ubuntu.com/ubuntu/pool/main/i/isc-dhcp/isc-dhcp-common_4.4.1-2.1ubuntu5_amd64.deb [44744/44744] -> "/workspaces/d2i_linux_build/chroot//var/cache/apt/archives/partial/isc-dhcp-common_4.4.1-2.1ubuntu5_amd64.deb" [1]
2025-06-13 12:49:17 URL:http://archive.ubuntu.com/ubuntu/pool/main/k/kbd/kbd_2.0.4-4ubuntu2_amd64.deb [212556/212556] -> "/workspaces/d2i_linux_build/chroot//var/cache/apt/archives/partial/kbd_2.0.4-4ubuntu2_amd64.deb" [1]
2025-06-13 12:49:17 URL:http://archive.ubuntu.com/ubuntu/pool/main/c/console-setup/keyboard-configuration_1.194ubuntu3_all.deb [189552/189552] -> "/workspaces/d2i_linux_build/chroot//var/cache/apt/archives/partial/keyboard-configuration_1.194ubuntu3_all.deb" [1]
2025-06-13 12:49:17 URL:http://archive.ubuntu.com/ubuntu/pool/main/k/kmod/kmod_27-1ubuntu2_amd64.deb [93904/93904] -> "/workspaces/d2i_linux_build/chroot//var/cache/apt/archives/partial/kmod_27-1ubuntu2_amd64.deb" [1]
2025-06-13 12:49:17 URL:http://archive.ubuntu.com/ubuntu/pool/main/l/less/less_551-1_amd64.deb [125868/125868] -> "/workspaces/d2i_linux_build/chroot//var/cache/apt/archives/partial/less_551-1_amd64.deb" [1]
2025-06-13 12:49:18 URL:http://archive.ubuntu.com/ubuntu/pool/main/a/acl/libacl1_2.2.53-6_amd64.deb [18820/18820] -> "/workspaces/d2i_linux_build/chroot//var/cache/apt/archives/partial/libacl1_2.2.53-6_amd64.deb" [1]
2025-06-13 12:49:18 URL:http://archive.ubuntu.com/ubuntu/pool/main/a/apparmor/libapparmor1_2.13.3-7ubuntu5_amd64.deb [34252/34252] -> "/workspaces/d2i_linux_build/chroot//var/cache/apt/archives/partial/libapparmor1_2.13.3-7ubuntu5_amd64.deb" [1]
2025-06-13 12:49:19 URL:http://archive.ubuntu.com/ubuntu/pool/main/a/apt/libapt-pkg6.0_2.0.2_amd64.deb [833812/833812] -> "/workspaces/d2i_linux_build/chroot//var/cache/apt/archives/partial/libapt-pkg6.0_2.0.2_amd64.deb" [1]
2025-06-13 12:49:19 URL:http://archive.ubuntu.com/ubuntu/pool/main/a/argon2/libargon2-1_0~20171227-0.2_amd64.deb [19208/19208] -> "/workspaces/d2i_linux_build/chroot//var/cache/apt/archives/partial/libargon2-1_0~20171227-0.2_amd64.deb" [1]
2025-06-13 12:49:19 URL:http://archive.ubuntu.com/ubuntu/pool/main/l/linux-atm/libatm1_2.5.1-4_amd64.deb [21808/21808] -> "/workspaces/d2i_linux_build/chroot//var/cache/apt/archives/partial/libatm1_1%3a2.5.1-4_amd64.deb" [1]
2025-06-13 12:49:20 URL:http://archive.ubuntu.com/ubuntu/pool/main/a/attr/libattr1_2.4.48-5_amd64.deb [12748/12748] -> "/workspaces/d2i_linux_build/chroot//var/cache/apt/archives/partial/libattr1_1%3a2.4.48-5_amd64.deb" [1]
2025-06-13 12:49:20 URL:http://archive.ubuntu.com/ubuntu/pool/main/a/audit/libaudit-common_2.8.5-2ubuntu6_all.deb [3936/3936] -> "/workspaces/d2i_linux_build/chroot//var/cache/apt/archives/partial/libaudit-common_1%3a2.8.5-2ubuntu6_all.deb" [1]
2025-06-13 12:49:20 URL:http://archive.ubuntu.com/ubuntu/pool/main/a/audit/libaudit1_2.8.5-2ubuntu6_amd64.deb [38856/38856] -> "/workspaces/d2i_linux_build/chroot//var/cache/apt/archives/partial/libaudit1_1%3a2.8.5-2ubuntu6_amd64.deb" [1]
2025-06-13 12:49:20 URL:http://archive.ubuntu.com/ubuntu/pool/main/u/util-linux/libblkid1_2.34-0.1ubuntu9_amd64.deb [136716/136716] -> "/workspaces/d2i_linux_build/chroot//var/cache/apt/archives/partial/libblkid1_2.34-0.1ubuntu9_amd64.deb" [1]
2025-06-13 12:49:21 URL:http://archive.ubuntu.com/ubuntu/pool/main/libb/libbsd/libbsd0_0.10.0-1_amd64.deb [45356/45356] -> "/workspaces/d2i_linux_build/chroot//var/cache/apt/archives/partial/libbsd0_0.10.0-1_amd64.deb" [1]
2025-06-13 12:49:21 URL:http://archive.ubuntu.com/ubuntu/pool/main/b/bzip2/libbz2-1.0_1.0.8-2_amd64.deb [32308/32308] -> "/workspaces/d2i_linux_build/chroot//var/cache/apt/archives/partial/libbz2-1.0_1.0.8-2_amd64.deb" [1]
2025-06-13 12:49:21 URL:http://archive.ubuntu.com/ubuntu/pool/main/g/glibc/libc-bin_2.31-0ubuntu9_amd64.deb [636004/636004] -> "/workspaces/d2i_linux_build/chroot//var/cache/apt/archives/partial/libc-bin_2.31-0ubuntu9_amd64.deb" [1]
2025-06-13 12:49:21 URL:http://archive.ubuntu.com/ubuntu/pool/main/g/glibc/libc6_2.31-0ubuntu9_amd64.deb [2713080/2713080] -> "/workspaces/d2i_linux_build/chroot//var/cache/apt/archives/partial/libc6_2.31-0ubuntu9_amd64.deb" [1]
2025-06-13 12:49:21 URL:http://archive.ubuntu.com/ubuntu/pool/main/libc/libcap-ng/libcap-ng0_0.7.9-2.1build1_amd64.deb [11080/11080] -> "/workspaces/d2i_linux_build/chroot//var/cache/apt/archives/partial/libcap-ng0_0.7.9-2.1build1_amd64.deb" [1]
2025-06-13 12:49:22 URL:http://archive.ubuntu.com/ubuntu/pool/main/libc/libcap2/libcap2_2.32-1_amd64.deb [15856/15856] -> "/workspaces/d2i_linux_build/chroot//var/cache/apt/archives/partial/libcap2_1%3a2.32-1_amd64.deb" [1]
2025-06-13 12:49:22 URL:http://archive.ubuntu.com/ubuntu/pool/main/libc/libcap2/libcap2-bin_2.32-1_amd64.deb [26176/26176] -> "/workspaces/d2i_linux_build/chroot//var/cache/apt/archives/partial/libcap2-bin_1%3a2.32-1_amd64.deb" [1]
2025-06-13 12:49:22 URL:http://archive.ubuntu.com/ubuntu/pool/main/e/e2fsprogs/libcom-err2_1.45.5-2ubuntu1_amd64.deb [9544/9544] -> "/workspaces/d2i_linux_build/chroot//var/cache/apt/archives/partial/libcom-err2_1.45.5-2ubuntu1_amd64.deb" [1]
2025-06-13 12:49:23 URL:http://archive.ubuntu.com/ubuntu/pool/main/libx/libxcrypt/libcrypt1_4.4.10-10ubuntu4_amd64.deb [78204/78204] -> "/workspaces/d2i_linux_build/chroot//var/cache/apt/archives/partial/libcrypt1_1%3a4.4.10-10ubuntu4_amd64.deb" [1]
2025-06-13 12:49:23 URL:http://archive.ubuntu.com/ubuntu/pool/main/c/cryptsetup/libcryptsetup12_2.2.2-3ubuntu2_amd64.deb [182008/182008] -> "/workspaces/d2i_linux_build/chroot//var/cache/apt/archives/partial/libcryptsetup12_2%3a2.2.2-3ubuntu2_amd64.deb" [1]
2025-06-13 12:49:23 URL:http://archive.ubuntu.com/ubuntu/pool/main/d/db5.3/libdb5.3_5.3.28+dfsg1-0.6ubuntu2_amd64.deb [675076/675076] -> "/workspaces/d2i_linux_build/chroot//var/cache/apt/archives/partial/libdb5.3_5.3.28+dfsg1-0.6ubuntu2_amd64.deb" [1]
2025-06-13 12:49:23 URL:http://archive.ubuntu.com/ubuntu/pool/main/d/dbus/libdbus-1-3_1.12.16-2ubuntu2_amd64.deb [179168/179168] -> "/workspaces/d2i_linux_build/chroot//var/cache/apt/archives/partial/libdbus-1-3_1.12.16-2ubuntu2_amd64.deb" [1]
2025-06-13 12:49:23 URL:http://archive.ubuntu.com/ubuntu/pool/main/c/cdebconf/libdebconfclient0_0.251ubuntu1_amd64.deb [6160/6160] -> "/workspaces/d2i_linux_build/chroot//var/cache/apt/archives/partial/libdebconfclient0_0.251ubuntu1_amd64.deb" [1]
2025-06-13 12:49:24 URL:http://archive.ubuntu.com/ubuntu/pool/main/l/lvm2/libdevmapper1.02.1_1.02.167-1ubuntu1_amd64.deb [127216/127216] -> "/workspaces/d2i_linux_build/chroot//var/cache/apt/archives/partial/libdevmapper1.02.1_2%3a1.02.167-1ubuntu1_amd64.deb" [1]
2025-06-13 12:49:24 URL:http://archive.ubuntu.com/ubuntu/pool/main/b/bind9-libs/libdns-export1109_9.11.16+dfsg-3~build1_amd64.deb [767176/767176] -> "/workspaces/d2i_linux_build/chroot//var/cache/apt/archives/partial/libdns-export1109_1%3a9.11.16+dfsg-3~build1_amd64.deb" [1]
2025-06-13 12:49:26 URL:http://archive.ubuntu.com/ubuntu/pool/main/e/elfutils/libelf1_0.176-1.1build1_amd64.deb [44004/44004] -> "/workspaces/d2i_linux_build/chroot//var/cache/apt/archives/partial/libelf1_0.176-1.1build1_amd64.deb" [1]
2025-06-13 12:49:27 URL:http://archive.ubuntu.com/ubuntu/pool/main/libe/libestr/libestr0_0.1.10-2.1_amd64.deb [7616/7616] -> "/workspaces/d2i_linux_build/chroot//var/cache/apt/archives/partial/libestr0_0.1.10-2.1_amd64.deb" [1]
2025-06-13 12:49:28 URL:http://archive.ubuntu.com/ubuntu/pool/main/e/expat/libexpat1_2.2.9-1build1_amd64.deb [73292/73292] -> "/workspaces/d2i_linux_build/chroot//var/cache/apt/archives/partial/libexpat1_2.2.9-1build1_amd64.deb" [1]
2025-06-13 12:49:29 URL:http://archive.ubuntu.com/ubuntu/pool/main/e/e2fsprogs/libext2fs2_1.45.5-2ubuntu1_amd64.deb [183048/183048] -> "/workspaces/d2i_linux_build/chroot//var/cache/apt/archives/partial/libext2fs2_1.45.5-2ubuntu1_amd64.deb" [1]
2025-06-13 12:49:29 URL:http://archive.ubuntu.com/ubuntu/pool/main/libf/libfastjson/libfastjson4_0.99.8-2_amd64.deb [20212/20212] -> "/workspaces/d2i_linux_build/chroot//var/cache/apt/archives/partial/libfastjson4_0.99.8-2_amd64.deb" [1]
2025-06-13 12:49:30 URL:http://archive.ubuntu.com/ubuntu/pool/main/u/util-linux/libfdisk1_2.34-0.1ubuntu9_amd64.deb [174532/174532] -> "/workspaces/d2i_linux_build/chroot//var/cache/apt/archives/partial/libfdisk1_2.34-0.1ubuntu9_amd64.deb" [1]
2025-06-13 12:49:31 URL:http://archive.ubuntu.com/ubuntu/pool/main/libf/libffi/libffi7_3.3-4_amd64.deb [19688/19688] -> "/workspaces/d2i_linux_build/chroot//var/cache/apt/archives/partial/libffi7_3.3-4_amd64.deb" [1]
2025-06-13 12:49:31 URL:http://archive.ubuntu.com/ubuntu/pool/main/f/fribidi/libfribidi0_1.0.8-2_amd64.deb [23768/23768] -> "/workspaces/d2i_linux_build/chroot//var/cache/apt/archives/partial/libfribidi0_1.0.8-2_amd64.deb" [1]
2025-06-13 12:49:31 URL:http://archive.ubuntu.com/ubuntu/pool/main/g/gcc-10/libgcc-s1_10-20200411-0ubuntu1_amd64.deb [41576/41576] -> "/workspaces/d2i_linux_build/chroot//var/cache/apt/archives/partial/libgcc-s1_10-20200411-0ubuntu1_amd64.deb" [1]
2025-06-13 12:49:32 URL:http://archive.ubuntu.com/ubuntu/pool/main/libg/libgcrypt20/libgcrypt20_1.8.5-5ubuntu1_amd64.deb [419496/419496] -> "/workspaces/d2i_linux_build/chroot//var/cache/apt/archives/partial/libgcrypt20_1.8.5-5ubuntu1_amd64.deb" [1]
2025-06-13 12:49:32 URL:http://archive.ubuntu.com/ubuntu/pool/main/g/gobject-introspection/libgirepository-1.0-1_1.64.0-2_amd64.deb [85628/85628] -> "/workspaces/d2i_linux_build/chroot//var/cache/apt/archives/partial/libgirepository-1.0-1_1.64.0-2_amd64.deb" [1]
2025-06-13 12:49:32 URL:http://archive.ubuntu.com/ubuntu/pool/main/g/glib2.0/libglib2.0-0_2.64.2-1~fakesync1_amd64.deb [1284284/1284284] -> "/workspaces/d2i_linux_build/chroot//var/cache/apt/archives/partial/libglib2.0-0_2.64.2-1~fakesync1_amd64.deb" [1]
2025-06-13 12:49:32 URL:http://archive.ubuntu.com/ubuntu/pool/main/g/glib2.0/libglib2.0-data_2.64.2-1~fakesync1_all.deb [6436/6436] -> "/workspaces/d2i_linux_build/chroot//var/cache/apt/archives/partial/libglib2.0-data_2.64.2-1~fakesync1_all.deb" [1]
2025-06-13 12:49:33 URL:http://archive.ubuntu.com/ubuntu/pool/main/g/gmp/libgmp10_6.2.0+dfsg-4_amd64.deb [240448/240448] -> "/workspaces/d2i_linux_build/chroot//var/cache/apt/archives/partial/libgmp10_2%3a6.2.0+dfsg-4_amd64.deb" [1]
2025-06-13 12:49:33 URL:http://archive.ubuntu.com/ubuntu/pool/main/g/gnutls28/libgnutls30_3.6.13-2ubuntu1_amd64.deb [828448/828448] -> "/workspaces/d2i_linux_build/chroot//var/cache/apt/archives/partial/libgnutls30_3.6.13-2ubuntu1_amd64.deb" [1]
2025-06-13 12:49:33 URL:http://archive.ubuntu.com/ubuntu/pool/main/libg/libgpg-error/libgpg-error0_1.37-1_amd64.deb [58004/58004] -> "/workspaces/d2i_linux_build/chroot//var/cache/apt/archives/partial/libgpg-error0_1.37-1_amd64.deb" [1]
2025-06-13 12:49:33 URL:http://archive.ubuntu.com/ubuntu/pool/main/n/nettle/libhogweed5_3.5.1+really3.5.1-2_amd64.deb [137896/137896] -> "/workspaces/d2i_linux_build/chroot//var/cache/apt/archives/partial/libhogweed5_3.5.1+really3.5.1-2_amd64.deb" [1]
2025-06-13 12:49:35 URL:http://archive.ubuntu.com/ubuntu/pool/main/i/icu/libicu66_66.1-2ubuntu2_amd64.deb [8520140/8520140] -> "/workspaces/d2i_linux_build/chroot//var/cache/apt/archives/partial/libicu66_66.1-2ubuntu2_amd64.deb" [1]
2025-06-13 12:49:35 URL:http://archive.ubuntu.com/ubuntu/pool/main/libi/libidn2/libidn2-0_2.2.0-2_amd64.deb [50448/50448] -> "/workspaces/d2i_linux_build/chroot//var/cache/apt/archives/partial/libidn2-0_2.2.0-2_amd64.deb" [1]
2025-06-13 12:49:35 URL:http://archive.ubuntu.com/ubuntu/pool/main/i/iptables/libip4tc2_1.8.4-3ubuntu2_amd64.deb [18828/18828] -> "/workspaces/d2i_linux_build/chroot//var/cache/apt/archives/partial/libip4tc2_1.8.4-3ubuntu2_amd64.deb" [1]
2025-06-13 12:49:35 URL:http://archive.ubuntu.com/ubuntu/pool/main/b/bind9-libs/libisc-export1105_9.11.16+dfsg-3~build1_amd64.deb [174332/174332] -> "/workspaces/d2i_linux_build/chroot//var/cache/apt/archives/partial/libisc-export1105_1%3a9.11.16+dfsg-3~build1_amd64.deb" [1]
2025-06-13 12:49:35 URL:http://archive.ubuntu.com/ubuntu/pool/main/j/json-c/libjson-c4_0.13.1+dfsg-7_amd64.deb [29216/29216] -> "/workspaces/d2i_linux_build/chroot//var/cache/apt/archives/partial/libjson-c4_0.13.1+dfsg-7_amd64.deb" [1]
2025-06-13 12:49:36 URL:http://archive.ubuntu.com/ubuntu/pool/main/k/kmod/libkmod2_27-1ubuntu2_amd64.deb [44328/44328] -> "/workspaces/d2i_linux_build/chroot//var/cache/apt/archives/partial/libkmod2_27-1ubuntu2_amd64.deb" [1]
2025-06-13 12:49:36 URL:http://archive.ubuntu.com/ubuntu/pool/main/libl/liblocale-gettext-perl/liblocale-gettext-perl_1.07-4_amd64.deb [17064/17064] -> "/workspaces/d2i_linux_build/chroot//var/cache/apt/archives/partial/liblocale-gettext-perl_1.07-4_amd64.deb" [1]
2025-06-13 12:49:36 URL:http://archive.ubuntu.com/ubuntu/pool/main/l/lz4/liblz4-1_1.9.2-2_amd64.deb [55928/55928] -> "/workspaces/d2i_linux_build/chroot//var/cache/apt/archives/partial/liblz4-1_1.9.2-2_amd64.deb" [1]
2025-06-13 12:49:36 URL:http://archive.ubuntu.com/ubuntu/pool/main/x/xz-utils/liblzma5_5.2.4-1_amd64.deb [92352/92352] -> "/workspaces/d2i_linux_build/chroot//var/cache/apt/archives/partial/liblzma5_5.2.4-1_amd64.deb" [1]
2025-06-13 12:49:37 URL:http://archive.ubuntu.com/ubuntu/pool/main/f/file/libmagic-mgc_5.38-4_amd64.deb [218104/218104] -> "/workspaces/d2i_linux_build/chroot//var/cache/apt/archives/partial/libmagic-mgc_1%3a5.38-4_amd64.deb" [1]
2025-06-13 12:49:37 URL:http://archive.ubuntu.com/ubuntu/pool/main/f/file/libmagic1_5.38-4_amd64.deb [75852/75852] -> "/workspaces/d2i_linux_build/chroot//var/cache/apt/archives/partial/libmagic1_1%3a5.38-4_amd64.deb" [1]
2025-06-13 12:49:37 URL:http://archive.ubuntu.com/ubuntu/pool/main/libm/libmnl/libmnl0_1.0.4-2_amd64.deb [12260/12260] -> "/workspaces/d2i_linux_build/chroot//var/cache/apt/archives/partial/libmnl0_1.0.4-2_amd64.deb" [1]
2025-06-13 12:49:38 URL:http://archive.ubuntu.com/ubuntu/pool/main/u/util-linux/libmount1_2.34-0.1ubuntu9_amd64.deb [148832/148832] -> "/workspaces/d2i_linux_build/chroot//var/cache/apt/archives/partial/libmount1_2.34-0.1ubuntu9_amd64.deb" [1]
2025-06-13 12:49:38 URL:http://archive.ubuntu.com/ubuntu/pool/main/m/mpdecimal/libmpdec2_2.4.2-3_amd64.deb [81132/81132] -> "/workspaces/d2i_linux_build/chroot//var/cache/apt/archives/partial/libmpdec2_2.4.2-3_amd64.deb" [1]
2025-06-13 12:49:39 URL:http://archive.ubuntu.com/ubuntu/pool/main/n/ncurses/libncurses6_6.2-0ubuntu2_amd64.deb [101356/101356] -> "/workspaces/d2i_linux_build/chroot//var/cache/apt/archives/partial/libncurses6_6.2-0ubuntu2_amd64.deb" [1]
2025-06-13 12:49:39 URL:http://archive.ubuntu.com/ubuntu/pool/main/n/ncurses/libncursesw6_6.2-0ubuntu2_amd64.deb [132368/132368] -> "/workspaces/d2i_linux_build/chroot//var/cache/apt/archives/partial/libncursesw6_6.2-0ubuntu2_amd64.deb" [1]
2025-06-13 12:49:39 URL:http://archive.ubuntu.com/ubuntu/pool/main/n/netplan.io/libnetplan0_0.99-0ubuntu1_amd64.deb [22936/22936] -> "/workspaces/d2i_linux_build/chroot//var/cache/apt/archives/partial/libnetplan0_0.99-0ubuntu1_amd64.deb" [1]
2025-06-13 12:49:39 URL:http://archive.ubuntu.com/ubuntu/pool/main/n/nettle/libnettle7_3.5.1+really3.5.1-2_amd64.deb [114416/114416] -> "/workspaces/d2i_linux_build/chroot//var/cache/apt/archives/partial/libnettle7_3.5.1+really3.5.1-2_amd64.deb" [1]
2025-06-13 12:49:40 URL:http://archive.ubuntu.com/ubuntu/pool/main/n/newt/libnewt0.52_0.52.21-4ubuntu2_amd64.deb [41076/41076] -> "/workspaces/d2i_linux_build/chroot//var/cache/apt/archives/partial/libnewt0.52_0.52.21-4ubuntu2_amd64.deb" [1]
2025-06-13 12:49:40 URL:http://archive.ubuntu.com/ubuntu/pool/main/s/systemd/libnss-systemd_245.4-4ubuntu3_amd64.deb [95632/95632] -> "/workspaces/d2i_linux_build/chroot//var/cache/apt/archives/partial/libnss-systemd_245.4-4ubuntu3_amd64.deb" [1]
2025-06-13 12:49:41 URL:http://archive.ubuntu.com/ubuntu/pool/main/p/p11-kit/libp11-kit0_0.23.20-1build1_amd64.deb [188260/188260] -> "/workspaces/d2i_linux_build/chroot//var/cache/apt/archives/partial/libp11-kit0_0.23.20-1build1_amd64.deb" [1]
2025-06-13 12:49:41 URL:http://archive.ubuntu.com/ubuntu/pool/main/libc/libcap2/libpam-cap_2.32-1_amd64.deb [8352/8352] -> "/workspaces/d2i_linux_build/chroot//var/cache/apt/archives/partial/libpam-cap_1%3a2.32-1_amd64.deb" [1]
2025-06-13 12:49:41 URL:http://archive.ubuntu.com/ubuntu/pool/main/p/pam/libpam-modules_1.3.1-5ubuntu4_amd64.deb [250036/250036] -> "/workspaces/d2i_linux_build/chroot//var/cache/apt/archives/partial/libpam-modules_1.3.1-5ubuntu4_amd64.deb" [1]
2025-06-13 12:49:41 URL:http://archive.ubuntu.com/ubuntu/pool/main/p/pam/libpam-modules-bin_1.3.1-5ubuntu4_amd64.deb [37676/37676] -> "/workspaces/d2i_linux_build/chroot//var/cache/apt/archives/partial/libpam-modules-bin_1.3.1-5ubuntu4_amd64.deb" [1]
2025-06-13 12:49:41 URL:http://archive.ubuntu.com/ubuntu/pool/main/p/pam/libpam-runtime_1.3.1-5ubuntu4_all.deb [37268/37268] -> "/workspaces/d2i_linux_build/chroot//var/cache/apt/archives/partial/libpam-runtime_1.3.1-5ubuntu4_all.deb" [1]
2025-06-13 12:49:41 URL:http://archive.ubuntu.com/ubuntu/pool/main/s/systemd/libpam-systemd_245.4-4ubuntu3_amd64.deb [185500/185500] -> "/workspaces/d2i_linux_build/chroot//var/cache/apt/archives/partial/libpam-systemd_245.4-4ubuntu3_amd64.deb" [1]
2025-06-13 12:49:41 URL:http://archive.ubuntu.com/ubuntu/pool/main/p/pam/libpam0g_1.3.1-5ubuntu4_amd64.deb [55444/55444] -> "/workspaces/d2i_linux_build/chroot//var/cache/apt/archives/partial/libpam0g_1.3.1-5ubuntu4_amd64.deb" [1]
2025-06-13 12:49:41 URL:http://archive.ubuntu.com/ubuntu/pool/main/p/pcre2/libpcre2-8-0_10.34-7_amd64.deb [197268/197268] -> "/workspaces/d2i_linux_build/chroot//var/cache/apt/archives/partial/libpcre2-8-0_10.34-7_amd64.deb" [1]
2025-06-13 12:49:42 URL:http://archive.ubuntu.com/ubuntu/pool/main/p/pcre3/libpcre3_8.39-12build1_amd64.deb [232028/232028] -> "/workspaces/d2i_linux_build/chroot//var/cache/apt/archives/partial/libpcre3_2%3a8.39-12build1_amd64.deb" [1]
2025-06-13 12:49:42 URL:http://archive.ubuntu.com/ubuntu/pool/main/p/popt/libpopt0_1.16-14_amd64.deb [26252/26252] -> "/workspaces/d2i_linux_build/chroot//var/cache/apt/archives/partial/libpopt0_1.16-14_amd64.deb" [1]
2025-06-13 12:49:42 URL:http://archive.ubuntu.com/ubuntu/pool/main/p/procps/libprocps8_3.3.16-1ubuntu2_amd64.deb [33084/33084] -> "/workspaces/d2i_linux_build/chroot//var/cache/apt/archives/partial/libprocps8_2%3a3.3.16-1ubuntu2_amd64.deb" [1]
2025-06-13 12:49:42 URL:http://archive.ubuntu.com/ubuntu/pool/main/p/python3-defaults/libpython3-stdlib_3.8.2-0ubuntu2_amd64.deb [7068/7068] -> "/workspaces/d2i_linux_build/chroot//var/cache/apt/archives/partial/libpython3-stdlib_3.8.2-0ubuntu2_amd64.deb" [1]
2025-06-13 12:49:42 URL:http://archive.ubuntu.com/ubuntu/pool/main/p/python3.8/libpython3.8-minimal_3.8.2-1ubuntu1_amd64.deb [704808/704808] -> "/workspaces/d2i_linux_build/chroot//var/cache/apt/archives/partial/libpython3.8-minimal_3.8.2-1ubuntu1_amd64.deb" [1]
2025-06-13 12:49:42 URL:http://archive.ubuntu.com/ubuntu/pool/main/p/python3.8/libpython3.8-stdlib_3.8.2-1ubuntu1_amd64.deb [1667860/1667860] -> "/workspaces/d2i_linux_build/chroot//var/cache/apt/archives/partial/libpython3.8-stdlib_3.8.2-1ubuntu1_amd64.deb" [1]
2025-06-13 12:49:42 URL:http://archive.ubuntu.com/ubuntu/pool/main/r/readline/libreadline8_8.0-4_amd64.deb [130880/130880] -> "/workspaces/d2i_linux_build/chroot//var/cache/apt/archives/partial/libreadline8_8.0-4_amd64.deb" [1]
2025-06-13 12:49:43 URL:http://archive.ubuntu.com/ubuntu/pool/main/libs/libseccomp/libseccomp2_2.4.3-1ubuntu1_amd64.deb [41556/41556] -> "/workspaces/d2i_linux_build/chroot//var/cache/apt/archives/partial/libseccomp2_2.4.3-1ubuntu1_amd64.deb" [1]
2025-06-13 12:49:43 URL:http://archive.ubuntu.com/ubuntu/pool/main/libs/libselinux/libselinux1_3.0-1build2_amd64.deb [68784/68784] -> "/workspaces/d2i_linux_build/chroot//var/cache/apt/archives/partial/libselinux1_3.0-1build2_amd64.deb" [1]
2025-06-13 12:49:43 URL:http://archive.ubuntu.com/ubuntu/pool/main/libs/libsemanage/libsemanage-common_3.0-1build2_all.deb [9792/9792] -> "/workspaces/d2i_linux_build/chroot//var/cache/apt/archives/partial/libsemanage-common_3.0-1build2_all.deb" [1]
2025-06-13 12:49:44 URL:http://archive.ubuntu.com/ubuntu/pool/main/libs/libsemanage/libsemanage1_3.0-1build2_amd64.deb [85528/85528] -> "/workspaces/d2i_linux_build/chroot//var/cache/apt/archives/partial/libsemanage1_3.0-1build2_amd64.deb" [1]
2025-06-13 12:49:44 URL:http://archive.ubuntu.com/ubuntu/pool/main/libs/libsepol/libsepol1_3.0-1_amd64.deb [252020/252020] -> "/workspaces/d2i_linux_build/chroot//var/cache/apt/archives/partial/libsepol1_3.0-1_amd64.deb" [1]
2025-06-13 12:49:44 URL:http://archive.ubuntu.com/ubuntu/pool/main/s/slang2/libslang2_2.3.2-4_amd64.deb [428972/428972] -> "/workspaces/d2i_linux_build/chroot//var/cache/apt/archives/partial/libslang2_2.3.2-4_amd64.deb" [1]
2025-06-13 12:49:44 URL:http://archive.ubuntu.com/ubuntu/pool/main/u/util-linux/libsmartcols1_2.34-0.1ubuntu9_amd64.deb [100280/100280] -> "/workspaces/d2i_linux_build/chroot//var/cache/apt/archives/partial/libsmartcols1_2.34-0.1ubuntu9_amd64.deb" [1]
2025-06-13 12:49:45 URL:http://archive.ubuntu.com/ubuntu/pool/main/libs/libsodium/libsodium23_1.0.18-1_amd64.deb [150040/150040] -> "/workspaces/d2i_linux_build/chroot//var/cache/apt/archives/partial/libsodium23_1.0.18-1_amd64.deb" [1]
2025-06-13 12:49:46 URL:http://archive.ubuntu.com/ubuntu/pool/main/s/sqlite3/libsqlite3-0_3.31.1-4_amd64.deb [547832/547832] -> "/workspaces/d2i_linux_build/chroot//var/cache/apt/archives/partial/libsqlite3-0_3.31.1-4_amd64.deb" [1]
2025-06-13 12:49:46 URL:http://archive.ubuntu.com/ubuntu/pool/main/e/e2fsprogs/libss2_1.45.5-2ubuntu1_amd64.deb [11300/11300] -> "/workspaces/d2i_linux_build/chroot//var/cache/apt/archives/partial/libss2_1.45.5-2ubuntu1_amd64.deb" [1]
2025-06-13 12:49:46 URL:http://archive.ubuntu.com/ubuntu/pool/main/o/openssl/libssl1.1_1.1.1f-1ubuntu2_amd64.deb [1318204/1318204] -> "/workspaces/d2i_linux_build/chroot//var/cache/apt/archives/partial/libssl1.1_1.1.1f-1ubuntu2_amd64.deb" [1]
2025-06-13 12:49:46 URL:http://archive.ubuntu.com/ubuntu/pool/main/g/gcc-10/libstdc++6_10-20200411-0ubuntu1_amd64.deb [503412/503412] -> "/workspaces/d2i_linux_build/chroot//var/cache/apt/archives/partial/libstdc++6_10-20200411-0ubuntu1_amd64.deb" [1]
2025-06-13 12:49:46 URL:http://archive.ubuntu.com/ubuntu/pool/main/s/systemd/libsystemd0_245.4-4ubuntu3_amd64.deb [270584/270584] -> "/workspaces/d2i_linux_build/chroot//var/cache/apt/archives/partial/libsystemd0_245.4-4ubuntu3_amd64.deb" [1]
2025-06-13 12:49:47 URL:http://archive.ubuntu.com/ubuntu/pool/main/libt/libtasn1-6/libtasn1-6_4.16.0-2_amd64.deb [38088/38088] -> "/workspaces/d2i_linux_build/chroot//var/cache/apt/archives/partial/libtasn1-6_4.16.0-2_amd64.deb" [1]
2025-06-13 12:49:47 URL:http://archive.ubuntu.com/ubuntu/pool/main/libt/libtext-charwidth-perl/libtext-charwidth-perl_0.04-10_amd64.deb [9872/9872] -> "/workspaces/d2i_linux_build/chroot//var/cache/apt/archives/partial/libtext-charwidth-perl_0.04-10_amd64.deb" [1]
2025-06-13 12:49:47 URL:http://archive.ubuntu.com/ubuntu/pool/main/libt/libtext-iconv-perl/libtext-iconv-perl_1.7-7_amd64.deb [13792/13792] -> "/workspaces/d2i_linux_build/chroot//var/cache/apt/archives/partial/libtext-iconv-perl_1.7-7_amd64.deb" [1]
2025-06-13 12:49:47 URL:http://archive.ubuntu.com/ubuntu/pool/main/libt/libtext-wrapi18n-perl/libtext-wrapi18n-perl_0.06-9_all.deb [8264/8264] -> "/workspaces/d2i_linux_build/chroot//var/cache/apt/archives/partial/libtext-wrapi18n-perl_0.06-9_all.deb" [1]
2025-06-13 12:49:47 URL:http://archive.ubuntu.com/ubuntu/pool/main/n/ncurses/libtinfo6_6.2-0ubuntu2_amd64.deb [86980/86980] -> "/workspaces/d2i_linux_build/chroot//var/cache/apt/archives/partial/libtinfo6_6.2-0ubuntu2_amd64.deb" [1]
2025-06-13 12:49:47 URL:http://archive.ubuntu.com/ubuntu/pool/main/s/systemd/libudev1_245.4-4ubuntu3_amd64.deb [78348/78348] -> "/workspaces/d2i_linux_build/chroot//var/cache/apt/archives/partial/libudev1_245.4-4ubuntu3_amd64.deb" [1]
2025-06-13 12:49:48 URL:http://archive.ubuntu.com/ubuntu/pool/main/libu/libunistring/libunistring2_0.9.10-2_amd64.deb [368092/368092] -> "/workspaces/d2i_linux_build/chroot//var/cache/apt/archives/partial/libunistring2_0.9.10-2_amd64.deb" [1]
2025-06-13 12:49:48 URL:http://archive.ubuntu.com/ubuntu/pool/main/u/util-linux/libuuid1_2.34-0.1ubuntu9_amd64.deb [20092/20092] -> "/workspaces/d2i_linux_build/chroot//var/cache/apt/archives/partial/libuuid1_2.34-0.1ubuntu9_amd64.deb" [1]
2025-06-13 12:49:48 URL:http://archive.ubuntu.com/ubuntu/pool/main/libx/libxml2/libxml2_2.9.10+dfsg-5_amd64.deb [639872/639872] -> "/workspaces/d2i_linux_build/chroot//var/cache/apt/archives/partial/libxml2_2.9.10+dfsg-5_amd64.deb" [1]
2025-06-13 12:49:48 URL:http://archive.ubuntu.com/ubuntu/pool/main/i/iptables/libxtables12_1.8.4-3ubuntu2_amd64.deb [28416/28416] -> "/workspaces/d2i_linux_build/chroot//var/cache/apt/archives/partial/libxtables12_1.8.4-3ubuntu2_amd64.deb" [1]
2025-06-13 12:49:49 URL:http://archive.ubuntu.com/ubuntu/pool/main/liby/libyaml/libyaml-0-2_0.2.2-1_amd64.deb [48916/48916] -> "/workspaces/d2i_linux_build/chroot//var/cache/apt/archives/partial/libyaml-0-2_0.2.2-1_amd64.deb" [1]
2025-06-13 12:49:49 URL:http://archive.ubuntu.com/ubuntu/pool/main/libz/libzstd/libzstd1_1.4.4+dfsg-3_amd64.deb [236880/236880] -> "/workspaces/d2i_linux_build/chroot//var/cache/apt/archives/partial/libzstd1_1.4.4+dfsg-3_amd64.deb" [1]
2025-06-13 12:49:49 URL:http://archive.ubuntu.com/ubuntu/pool/main/g/glibc/locales_2.31-0ubuntu9_all.deb [3869800/3869800] -> "/workspaces/d2i_linux_build/chroot//var/cache/apt/archives/partial/locales_2.31-0ubuntu9_all.deb" [1]
2025-06-13 12:49:50 URL:http://archive.ubuntu.com/ubuntu/pool/main/s/shadow/login_4.8.1-1ubuntu5_amd64.deb [221228/221228] -> "/workspaces/d2i_linux_build/chroot//var/cache/apt/archives/partial/login_1%3a4.8.1-1ubuntu5_amd64.deb" [1]
2025-06-13 12:49:50 URL:http://archive.ubuntu.com/ubuntu/pool/main/l/logrotate/logrotate_3.14.0-4ubuntu3_amd64.deb [44536/44536] -> "/workspaces/d2i_linux_build/chroot//var/cache/apt/archives/partial/logrotate_3.14.0-4ubuntu3_amd64.deb" [1]
2025-06-13 12:49:50 URL:http://archive.ubuntu.com/ubuntu/pool/main/e/e2fsprogs/logsave_1.45.5-2ubuntu1_amd64.deb [10180/10180] -> "/workspaces/d2i_linux_build/chroot//var/cache/apt/archives/partial/logsave_1.45.5-2ubuntu1_amd64.deb" [1]
2025-06-13 12:49:50 URL:http://archive.ubuntu.com/ubuntu/pool/main/l/lsb/lsb-base_11.1.0ubuntu2_all.deb [12076/12076] -> "/workspaces/d2i_linux_build/chroot//var/cache/apt/archives/partial/lsb-base_11.1.0ubuntu2_all.deb" [1]
2025-06-13 12:49:50 URL:http://archive.ubuntu.com/ubuntu/pool/main/l/lsb/lsb-release_11.1.0ubuntu2_all.deb [10568/10568] -> "/workspaces/d2i_linux_build/chroot//var/cache/apt/archives/partial/lsb-release_11.1.0ubuntu2_all.deb" [1]
2025-06-13 12:49:50 URL:http://archive.ubuntu.com/ubuntu/pool/main/m/mawk/mawk_1.3.4.20200120-2_amd64.deb [95992/95992] -> "/workspaces/d2i_linux_build/chroot//var/cache/apt/archives/partial/mawk_1.3.4.20200120-2_amd64.deb" [1]
2025-06-13 12:49:50 URL:http://archive.ubuntu.com/ubuntu/pool/main/m/mime-support/mime-support_3.64ubuntu1_all.deb [30596/30596] -> "/workspaces/d2i_linux_build/chroot//var/cache/apt/archives/partial/mime-support_3.64ubuntu1_all.deb" [1]
2025-06-13 12:49:51 URL:http://archive.ubuntu.com/ubuntu/pool/main/u/util-linux/mount_2.34-0.1ubuntu9_amd64.deb [114896/114896] -> "/workspaces/d2i_linux_build/chroot//var/cache/apt/archives/partial/mount_2.34-0.1ubuntu9_amd64.deb" [1]
2025-06-13 12:49:51 URL:http://archive.ubuntu.com/ubuntu/pool/main/n/ncurses/ncurses-base_6.2-0ubuntu2_all.deb [18692/18692] -> "/workspaces/d2i_linux_build/chroot//var/cache/apt/archives/partial/ncurses-base_6.2-0ubuntu2_all.deb" [1]
2025-06-13 12:49:52 URL:http://archive.ubuntu.com/ubuntu/pool/main/n/ncurses/ncurses-bin_6.2-0ubuntu2_amd64.deb [172996/172996] -> "/workspaces/d2i_linux_build/chroot//var/cache/apt/archives/partial/ncurses-bin_6.2-0ubuntu2_amd64.deb" [1]
2025-06-13 12:49:52 URL:http://archive.ubuntu.com/ubuntu/pool/main/n/netbase/netbase_6.1_all.deb [13144/13144] -> "/workspaces/d2i_linux_build/chroot//var/cache/apt/archives/partial/netbase_6.1_all.deb" [1]
2025-06-13 12:49:52 URL:http://archive.ubuntu.com/ubuntu/pool/main/n/netcat-openbsd/netcat-openbsd_1.206-1ubuntu1_amd64.deb [37788/37788] -> "/workspaces/d2i_linux_build/chroot//var/cache/apt/archives/partial/netcat-openbsd_1.206-1ubuntu1_amd64.deb" [1]
2025-06-13 12:49:52 URL:http://archive.ubuntu.com/ubuntu/pool/main/n/netplan.io/netplan.io_0.99-0ubuntu1_amd64.deb [70760/70760] -> "/workspaces/d2i_linux_build/chroot//var/cache/apt/archives/partial/netplan.io_0.99-0ubuntu1_amd64.deb" [1]
2025-06-13 12:49:52 URL:http://archive.ubuntu.com/ubuntu/pool/main/n/networkd-dispatcher/networkd-dispatcher_2.0.1-1_all.deb [14420/14420] -> "/workspaces/d2i_linux_build/chroot//var/cache/apt/archives/partial/networkd-dispatcher_2.0.1-1_all.deb" [1]
2025-06-13 12:49:52 URL:http://archive.ubuntu.com/ubuntu/pool/main/o/openssl/openssl_1.1.1f-1ubuntu2_amd64.deb [620552/620552] -> "/workspaces/d2i_linux_build/chroot//var/cache/apt/archives/partial/openssl_1.1.1f-1ubuntu2_amd64.deb" [1]
2025-06-13 12:49:52 URL:http://archive.ubuntu.com/ubuntu/pool/main/s/shadow/passwd_4.8.1-1ubuntu5_amd64.deb [797964/797964] -> "/workspaces/d2i_linux_build/chroot//var/cache/apt/archives/partial/passwd_1%3a4.8.1-1ubuntu5_amd64.deb" [1]
2025-06-13 12:49:53 URL:http://archive.ubuntu.com/ubuntu/pool/main/p/perl/perl-base_5.30.0-9build1_amd64.deb [1511376/1511376] -> "/workspaces/d2i_linux_build/chroot//var/cache/apt/archives/partial/perl-base_5.30.0-9build1_amd64.deb" [1]
2025-06-13 12:49:54 URL:http://archive.ubuntu.com/ubuntu/pool/main/p/procps/procps_3.3.16-1ubuntu2_amd64.deb [232672/232672] -> "/workspaces/d2i_linux_build/chroot//var/cache/apt/archives/partial/procps_2%3a3.3.16-1ubuntu2_amd64.deb" [1]
2025-06-13 12:49:54 URL:http://archive.ubuntu.com/ubuntu/pool/main/p/python3-defaults/python3_3.8.2-0ubuntu2_amd64.deb [47616/47616] -> "/workspaces/d2i_linux_build/chroot//var/cache/apt/archives/partial/python3_3.8.2-0ubuntu2_amd64.deb" [1]
2025-06-13 12:49:54 URL:http://archive.ubuntu.com/ubuntu/pool/main/p/python-cffi/python3-cffi-backend_1.14.0-1build1_amd64.deb [68708/68708] -> "/workspaces/d2i_linux_build/chroot//var/cache/apt/archives/partial/python3-cffi-backend_1.14.0-1build1_amd64.deb" [1]
2025-06-13 12:49:54 URL:http://archive.ubuntu.com/ubuntu/pool/main/d/dbus-python/python3-dbus_1.2.16-1build1_amd64.deb [94000/94000] -> "/workspaces/d2i_linux_build/chroot//var/cache/apt/archives/partial/python3-dbus_1.2.16-1build1_amd64.deb" [1]
2025-06-13 12:49:55 URL:http://archive.ubuntu.com/ubuntu/pool/main/p/pygobject/python3-gi_3.36.0-1_amd64.deb [165128/165128] -> "/workspaces/d2i_linux_build/chroot//var/cache/apt/archives/partial/python3-gi_3.36.0-1_amd64.deb" [1]
2025-06-13 12:49:55 URL:http://archive.ubuntu.com/ubuntu/pool/main/p/python3-defaults/python3-minimal_3.8.2-0ubuntu2_amd64.deb [23560/23560] -> "/workspaces/d2i_linux_build/chroot//var/cache/apt/archives/partial/python3-minimal_3.8.2-0ubuntu2_amd64.deb" [1]
2025-06-13 12:49:55 URL:http://archive.ubuntu.com/ubuntu/pool/main/p/python-nacl/python3-nacl_1.3.0-5_amd64.deb [48988/48988] -> "/workspaces/d2i_linux_build/chroot//var/cache/apt/archives/partial/python3-nacl_1.3.0-5_amd64.deb" [1]
2025-06-13 12:49:55 URL:http://archive.ubuntu.com/ubuntu/pool/main/n/netifaces/python3-netifaces_0.10.4-1ubuntu4_amd64.deb [16064/16064] -> "/workspaces/d2i_linux_build/chroot//var/cache/apt/archives/partial/python3-netifaces_0.10.4-1ubuntu4_amd64.deb" [1]
2025-06-13 12:49:55 URL:http://archive.ubuntu.com/ubuntu/pool/main/s/setuptools/python3-pkg-resources_45.2.0-1_all.deb [129888/129888] -> "/workspaces/d2i_linux_build/chroot//var/cache/apt/archives/partial/python3-pkg-resources_45.2.0-1_all.deb" [1]
2025-06-13 12:49:55 URL:http://archive.ubuntu.com/ubuntu/pool/main/p/pymacaroons/python3-pymacaroons_0.13.0-3_all.deb [13204/13204] -> "/workspaces/d2i_linux_build/chroot//var/cache/apt/archives/partial/python3-pymacaroons_0.13.0-3_all.deb" [1]
2025-06-13 12:49:56 URL:http://archive.ubuntu.com/ubuntu/pool/main/s/six/python3-six_1.14.0-2_all.deb [12088/12088] -> "/workspaces/d2i_linux_build/chroot//var/cache/apt/archives/partial/python3-six_1.14.0-2_all.deb" [1]
2025-06-13 12:49:56 URL:http://archive.ubuntu.com/ubuntu/pool/main/p/pyyaml/python3-yaml_5.3.1-1_amd64.deb [135496/135496] -> "/workspaces/d2i_linux_build/chroot//var/cache/apt/archives/partial/python3-yaml_5.3.1-1_amd64.deb" [1]
2025-06-13 12:49:57 URL:http://archive.ubuntu.com/ubuntu/pool/main/p/python3.8/python3.8_3.8.2-1ubuntu1_amd64.deb [363708/363708] -> "/workspaces/d2i_linux_build/chroot//var/cache/apt/archives/partial/python3.8_3.8.2-1ubuntu1_amd64.deb" [1]
2025-06-13 12:49:57 URL:http://archive.ubuntu.com/ubuntu/pool/main/p/python3.8/python3.8-minimal_3.8.2-1ubuntu1_amd64.deb [1896832/1896832] -> "/workspaces/d2i_linux_build/chroot//var/cache/apt/archives/partial/python3.8-minimal_3.8.2-1ubuntu1_amd64.deb" [1]
2025-06-13 12:49:57 URL:http://archive.ubuntu.com/ubuntu/pool/main/r/readline/readline-common_8.0-4_all.deb [53492/53492] -> "/workspaces/d2i_linux_build/chroot//var/cache/apt/archives/partial/readline-common_8.0-4_all.deb" [1]
2025-06-13 12:49:58 URL:http://archive.ubuntu.com/ubuntu/pool/main/r/rsyslog/rsyslog_8.2001.0-1ubuntu1_amd64.deb [427240/427240] -> "/workspaces/d2i_linux_build/chroot//var/cache/apt/archives/partial/rsyslog_8.2001.0-1ubuntu1_amd64.deb" [1]
2025-06-13 12:49:58 URL:http://archive.ubuntu.com/ubuntu/pool/main/s/sed/sed_4.7-1_amd64.deb [189668/189668] -> "/workspaces/d2i_linux_build/chroot//var/cache/apt/archives/partial/sed_4.7-1_amd64.deb" [1]
2025-06-13 12:49:58 URL:http://archive.ubuntu.com/ubuntu/pool/main/s/sensible-utils/sensible-utils_0.0.12+nmu1_all.deb [15016/15016] -> "/workspaces/d2i_linux_build/chroot//var/cache/apt/archives/partial/sensible-utils_0.0.12+nmu1_all.deb" [1]
2025-06-13 12:49:58 URL:http://archive.ubuntu.com/ubuntu/pool/main/s/shared-mime-info/shared-mime-info_1.15-1_amd64.deb [430464/430464] -> "/workspaces/d2i_linux_build/chroot//var/cache/apt/archives/partial/shared-mime-info_1.15-1_amd64.deb" [1]
2025-06-13 12:49:58 URL:http://archive.ubuntu.com/ubuntu/pool/main/s/sudo/sudo_1.8.31-1ubuntu1_amd64.deb [512808/512808] -> "/workspaces/d2i_linux_build/chroot//var/cache/apt/archives/partial/sudo_1.8.31-1ubuntu1_amd64.deb" [1]
2025-06-13 12:49:59 URL:http://archive.ubuntu.com/ubuntu/pool/main/s/systemd/systemd_245.4-4ubuntu3_amd64.deb [3795776/3795776] -> "/workspaces/d2i_linux_build/chroot//var/cache/apt/archives/partial/systemd_245.4-4ubuntu3_amd64.deb" [1]
2025-06-13 12:49:59 URL:http://archive.ubuntu.com/ubuntu/pool/main/s/systemd/systemd-sysv_245.4-4ubuntu3_amd64.deb [10276/10276] -> "/workspaces/d2i_linux_build/chroot//var/cache/apt/archives/partial/systemd-sysv_245.4-4ubuntu3_amd64.deb" [1]
2025-06-13 12:49:59 URL:http://archive.ubuntu.com/ubuntu/pool/main/s/systemd/systemd-timesyncd_245.4-4ubuntu3_amd64.deb [27948/27948] -> "/workspaces/d2i_linux_build/chroot//var/cache/apt/archives/partial/systemd-timesyncd_245.4-4ubuntu3_amd64.deb" [1]
2025-06-13 12:49:59 URL:http://archive.ubuntu.com/ubuntu/pool/main/s/sysvinit/sysvinit-utils_2.96-2.1ubuntu1_amd64.deb [20592/20592] -> "/workspaces/d2i_linux_build/chroot//var/cache/apt/archives/partial/sysvinit-utils_2.96-2.1ubuntu1_amd64.deb" [1]
2025-06-13 12:50:00 URL:http://archive.ubuntu.com/ubuntu/pool/main/t/tar/tar_1.30+dfsg-7_amd64.deb [240016/240016] -> "/workspaces/d2i_linux_build/chroot//var/cache/apt/archives/partial/tar_1.30+dfsg-7_amd64.deb" [1]
2025-06-13 12:50:01 URL:http://archive.ubuntu.com/ubuntu/pool/main/t/tzdata/tzdata_2019c-3ubuntu1_all.deb [293692/293692] -> "/workspaces/d2i_linux_build/chroot//var/cache/apt/archives/partial/tzdata_2019c-3ubuntu1_all.deb" [1]
2025-06-13 12:50:01 URL:http://archive.ubuntu.com/ubuntu/pool/main/u/ubuntu-advantage-tools/ubuntu-advantage-tools_20.3_amd64.deb [47592/47592] -> "/workspaces/d2i_linux_build/chroot//var/cache/apt/archives/partial/ubuntu-advantage-tools_20.3_amd64.deb" [1]
2025-06-13 12:50:01 URL:http://archive.ubuntu.com/ubuntu/pool/main/u/ubuntu-keyring/ubuntu-keyring_2020.02.11.2_all.deb [22244/22244] -> "/workspaces/d2i_linux_build/chroot//var/cache/apt/archives/partial/ubuntu-keyring_2020.02.11.2_all.deb" [1]
2025-06-13 12:50:01 URL:http://archive.ubuntu.com/ubuntu/pool/main/u/ubuntu-meta/ubuntu-minimal_1.450_amd64.deb [3872/3872] -> "/workspaces/d2i_linux_build/chroot//var/cache/apt/archives/partial/ubuntu-minimal_1.450_amd64.deb" [1]
2025-06-13 12:50:01 URL:http://archive.ubuntu.com/ubuntu/pool/main/u/ucf/ucf_3.0038+nmu1_all.deb [51620/51620] -> "/workspaces/d2i_linux_build/chroot//var/cache/apt/archives/partial/ucf_3.0038+nmu1_all.deb" [1]
2025-06-13 12:50:02 URL:http://archive.ubuntu.com/ubuntu/pool/main/s/systemd/udev_245.4-4ubuntu3_amd64.deb [1361960/1361960] -> "/workspaces/d2i_linux_build/chroot//var/cache/apt/archives/partial/udev_245.4-4ubuntu3_amd64.deb" [1]
2025-06-13 12:50:02 URL:http://archive.ubuntu.com/ubuntu/pool/main/u/util-linux/util-linux_2.34-0.1ubuntu9_amd64.deb [1020452/1020452] -> "/workspaces/d2i_linux_build/chroot//var/cache/apt/archives/partial/util-linux_2.34-0.1ubuntu9_amd64.deb" [1]
2025-06-13 12:50:02 URL:http://archive.ubuntu.com/ubuntu/pool/main/v/vim/vim-common_8.1.2269-1ubuntu5_all.deb [85088/85088] -> "/workspaces/d2i_linux_build/chroot//var/cache/apt/archives/partial/vim-common_2%3a8.1.2269-1ubuntu5_all.deb" [1]
2025-06-13 12:50:02 URL:http://archive.ubuntu.com/ubuntu/pool/main/v/vim/vim-tiny_8.1.2269-1ubuntu5_amd64.deb [577712/577712] -> "/workspaces/d2i_linux_build/chroot//var/cache/apt/archives/partial/vim-tiny_2%3a8.1.2269-1ubuntu5_amd64.deb" [1]
2025-06-13 12:50:03 URL:http://archive.ubuntu.com/ubuntu/pool/main/n/newt/whiptail_0.52.21-4ubuntu2_amd64.deb [16960/16960] -> "/workspaces/d2i_linux_build/chroot//var/cache/apt/archives/partial/whiptail_0.52.21-4ubuntu2_amd64.deb" [1]
2025-06-13 12:50:03 URL:http://archive.ubuntu.com/ubuntu/pool/main/x/xdg-user-dirs/xdg-user-dirs_0.17-2ubuntu1_amd64.deb [48284/48284] -> "/workspaces/d2i_linux_build/chroot//var/cache/apt/archives/partial/xdg-user-dirs_0.17-2ubuntu1_amd64.deb" [1]
2025-06-13 12:50:03 URL:http://archive.ubuntu.com/ubuntu/pool/main/x/xkeyboard-config/xkb-data_2.29-2_all.deb [348648/348648] -> "/workspaces/d2i_linux_build/chroot//var/cache/apt/archives/partial/xkb-data_2.29-2_all.deb" [1]
2025-06-13 12:50:03 URL:http://archive.ubuntu.com/ubuntu/pool/main/v/vim/xxd_8.1.2269-1ubuntu5_amd64.deb [50116/50116] -> "/workspaces/d2i_linux_build/chroot//var/cache/apt/archives/partial/xxd_2%3a8.1.2269-1ubuntu5_amd64.deb" [1]
2025-06-13 12:50:05 URL:http://archive.ubuntu.com/ubuntu/pool/main/x/xz-utils/xz-utils_5.2.4-1_amd64.deb [82468/82468] -> "/workspaces/d2i_linux_build/chroot//var/cache/apt/archives/partial/xz-utils_5.2.4-1_amd64.deb" [1]
2025-06-13 12:50:05 URL:http://archive.ubuntu.com/ubuntu/pool/main/z/zlib/zlib1g_1.2.11.dfsg-2ubuntu1_amd64.deb [53700/53700] -> "/workspaces/d2i_linux_build/chroot//var/cache/apt/archives/partial/zlib1g_1%3a1.2.11.dfsg-2ubuntu1_amd64.deb" [1]
2025-06-13 12:50:06 URL:http://archive.ubuntu.com/ubuntu/pool/universe/g/gcc-10/libgcc1_10-20200411-0ubuntu1_amd64.deb [41476/41476] -> "/workspaces/d2i_linux_build/chroot//var/cache/apt/archives/partial/libgcc1_1%3a10-20200411-0ubuntu1_amd64.deb" [1]
